mv: cannot move '/tmp/tmp.Ke8M2zeV7I/apache-maven-3.9.9' to '/c/Users/XMTX8yyds/.m2/wrapper/dists/apache-maven-3.9.9/3477a4f1/apache-maven-3.9.9': Directory not empty
[INFO] Scanning for projects...
[INFO] 
[INFO] ----------------------------< com.xm:game9 >----------------------------
[INFO] Building game9 0.0.1-SNAPSHOT
[INFO]   from pom.xml
[INFO] --------------------------------[ jar ]---------------------------------
[INFO] 
[INFO] >>> spring-boot:3.3.4:run (default-cli) > test-compile @ game9 >>>
[INFO] 
[INFO] --- resources:3.3.1:resources (default-resources) @ game9 ---
[INFO] Copying 4 resources from src\main\resources to target\classes
[INFO] Copying 28 resources from src\main\resources to target\classes
[INFO] 
[INFO] --- compiler:3.13.0:compile (default-compile) @ game9 ---
[INFO] Nothing to compile - all classes are up to date.
[INFO] 
[INFO] --- resources:3.3.1:testResources (default-testResources) @ game9 ---
[INFO] skip non existing resourceDirectory E:\Local\desktop\Code\Game9HQ\Game9\game9\src\test\resources
[INFO] 
[INFO] --- compiler:3.13.0:testCompile (default-testCompile) @ game9 ---
[INFO] No sources to compile
[INFO] 
[INFO] <<< spring-boot:3.3.4:run (default-cli) < test-compile @ game9 <<<
[INFO] 
[INFO] 
[INFO] --- spring-boot:3.3.4:run (default-cli) @ game9 ---
[INFO] Attaching agents: []

  .   ____          _            __ _ _
 /\\ / ___'_ __ _ _(_)_ __  __ _ \ \ \ \
( ( )\___ | '_ | '_| | '_ \/ _` | \ \ \ \
 \\/  ___)| |_)| | | | | || (_| |  ) ) ) )
  '  |____| .__|_| |_|_| |_\__, | / / / /
 =========|_|==============|___/=/_/_/_/

 :: Spring Boot ::                (v3.3.4)

2025-08-03T14:30:45.139+08:00  INFO 22244 --- [game9] [  restartedMain] com.xm.game9.GameNineApplication         : Starting GameNineApplication using Java 22.0.2 with PID 22244 (E:\Local\desktop\Code\Game9HQ\Game9\game9\target\classes started by XMTX8yyds in E:\Local\desktop\Code\Game9HQ\Game9\game9)
2025-08-03T14:30:45.141+08:00 DEBUG 22244 --- [game9] [  restartedMain] com.xm.game9.GameNineApplication         : Running with Spring Boot v3.3.4, Spring v6.1.14
2025-08-03T14:30:45.141+08:00  INFO 22244 --- [game9] [  restartedMain] com.xm.game9.GameNineApplication         : The following 1 profile is active: "dev"
2025-08-03T14:30:45.173+08:00  INFO 22244 --- [game9] [  restartedMain] .e.DevToolsPropertyDefaultsPostProcessor : Devtools property defaults active! Set 'spring.devtools.add-properties' to 'false' to disable
2025-08-03T14:30:45.173+08:00  INFO 22244 --- [game9] [  restartedMain] .e.DevToolsPropertyDefaultsPostProcessor : For additional web related logging consider setting the 'logging.level.web' property to 'DEBUG'
2025-08-03T14:30:45.747+08:00  INFO 22244 --- [game9] [  restartedMain] .s.d.r.c.RepositoryConfigurationDelegate : Multiple Spring Data modules found, entering strict repository configuration mode
2025-08-03T14:30:45.749+08:00  INFO 22244 --- [game9] [  restartedMain] .s.d.r.c.RepositoryConfigurationDelegate : Bootstrapping Spring Data Redis repositories in DEFAULT mode.
2025-08-03T14:30:45.782+08:00  INFO 22244 --- [game9] [  restartedMain] .s.d.r.c.RepositoryConfigurationDelegate : Finished Spring Data repository scanning in 22 ms. Found 0 Redis repository interfaces.
2025-08-03T14:30:46.386+08:00  INFO 22244 --- [game9] [  restartedMain] o.s.b.w.embedded.tomcat.TomcatWebServer  : Tomcat initialized with port 8080 (http)
2025-08-03T14:30:46.399+08:00  INFO 22244 --- [game9] [  restartedMain] o.apache.catalina.core.StandardService   : Starting service [Tomcat]
2025-08-03T14:30:46.399+08:00  INFO 22244 --- [game9] [  restartedMain] o.apache.catalina.core.StandardEngine    : Starting Servlet engine: [Apache Tomcat/10.1.30]
2025-08-03T14:30:46.448+08:00  INFO 22244 --- [game9] [  restartedMain] o.a.c.c.C.[Tomcat].[localhost].[/api]    : Initializing Spring embedded WebApplicationContext
2025-08-03T14:30:46.449+08:00  INFO 22244 --- [game9] [  restartedMain] w.s.c.ServletWebServerApplicationContext : Root WebApplicationContext: initialization completed in 1275 ms
2025-08-03T14:30:46.898+08:00 ERROR 22244 --- [game9] [  restartedMain] c.b.m.core.MybatisConfiguration          : mapper[com.xm.game9.mapper.FriendRelationshipMapper.checkPendingRequest] is ignored, because it exists, maybe from xml file
2025-08-03T14:30:47.017+08:00  WARN 22244 --- [game9] [  restartedMain] c.b.m.core.injector.methods.Insert       : [com.xm.game9.mapper.WishlistMapper.insert] Has been loaded by XML or SqlProvider or Mybatis's Annotation, so ignoring this injection for [class com.baomidou.mybatisplus.core.injector.methods.Insert]
 _ _   |_  _ _|_. ___ _ |    _ 
| | |\/|_)(_| | |_\  |_)||_|_\ 
     /               |         
                        3.5.7 
2025-08-03T14:30:47.070+08:00  INFO 22244 --- [game9] [  restartedMain] com.xm.game9.utils.UploadUtil            : UploadUtil 初始化开始，当前环境: dev
2025-08-03T14:30:47.071+08:00  INFO 22244 --- [game9] [  restartedMain] com.xm.game9.utils.UploadUtil            : 从系统环境变量获取R2 Access Key ID: 已设置
2025-08-03T14:30:47.071+08:00  INFO 22244 --- [game9] [  restartedMain] com.xm.game9.utils.UploadUtil            : 从系统环境变量获取R2 Secret Access Key: 已设置
2025-08-03T14:30:47.071+08:00  INFO 22244 --- [game9] [  restartedMain] com.xm.game9.utils.UploadUtil            : 开始初始化 Cloudflare R2 客户端，endpoint: https://1a63a68acfe38be8d33d84b44835fe80.r2.cloudflarestorage.com, bucketName: gamehub-bucket
2025-08-03T14:30:47.403+08:00  INFO 22244 --- [game9] [  restartedMain] com.xm.game9.utils.UploadUtil            : Cloudflare R2 客户端初始化成功
2025-08-03T14:30:48.135+08:00  WARN 22244 --- [game9] [  restartedMain] o.s.b.d.a.OptionalLiveReloadServer       : Unable to start LiveReload server
2025-08-03T14:30:48.158+08:00  WARN 22244 --- [game9] [  restartedMain] ConfigServletWebServerApplicationContext : Exception encountered during context initialization - cancelling refresh attempt: org.springframework.context.ApplicationContextException: Failed to start bean 'webServerStartStop'
2025-08-03T14:30:48.175+08:00  INFO 22244 --- [game9] [  restartedMain] .s.b.a.l.ConditionEvaluationReportLogger : 

Error starting ApplicationContext. To display the condition evaluation report re-run your application with 'debug' enabled.
2025-08-03T14:30:48.189+08:00 ERROR 22244 --- [game9] [  restartedMain] o.s.b.d.LoggingFailureAnalysisReporter   : 

***************************
APPLICATION FAILED TO START
***************************

Description:

Web server failed to start. Port 8080 was already in use.

Action:

Identify and stop the process that's listening on port 8080 or configure this application to listen on another port.

[INFO] ------------------------------------------------------------------------
[INFO] BUILD FAILURE
[INFO] ------------------------------------------------------------------------
[INFO] Total time:  7.250 s
[INFO] Finished at: 2025-08-03T14:30:49+08:00
[INFO] ------------------------------------------------------------------------
[ERROR] Failed to execute goal org.springframework.boot:spring-boot-maven-plugin:3.3.4:run (default-cli) on project game9: Process terminated with exit code: 1 -> [Help 1]
[ERROR] 
[ERROR] To see the full stack trace of the errors, re-run Maven with the -e switch.
[ERROR] Re-run Maven using the -X switch to enable full debug logging.
[ERROR] 
[ERROR] For more information about the errors and possible solutions, please read the following articles:
[ERROR] [Help 1] http://cwiki.apache.org/confluence/display/MAVEN/MojoExecutionException
